~~~~~~~~~~~~~~~~~~~~~~~~~~~~~~~~~~~~~~~~~~~~~~~~~~~~~~~~~~~~~~~~~~~~~~~~~~~~~~~~
[2019-03-22T07:44:33+01:00] - ::1 - b= c=

Access Denied

~~~~~~~~~~~~~~~~~~~~~~~~~~~~~~~~~~~~~~~~~~~~~~~~~~~~~~~~~~~~~~~~~~~~~~~~~~~~~~~~
[2019-03-22T07:45:40+01:00] - ::1 - b= c=

Warning:  inet_pton(): Unrecognized address localhost in /opt/lampp/htdocs/gitdeploy/deploy.php on line 150

Access Denied

~~~~~~~~~~~~~~~~~~~~~~~~~~~~~~~~~~~~~~~~~~~~~~~~~~~~~~~~~~~~~~~~~~~~~~~~~~~~~~~~
[2019-03-22T07:45:53+01:00] - ::1 - b= c=

Access Denied

~~~~~~~~~~~~~~~~~~~~~~~~~~~~~~~~~~~~~~~~~~~~~~~~~~~~~~~~~~~~~~~~~~~~~~~~~~~~~~~~
[2019-03-22T07:45:59+01:00] - ::1 - b= c=

Warning:  inet_pton(): Unrecognized address localhost in /opt/lampp/htdocs/gitdeploy/deploy.php on line 159

Warning:  substr() expects parameter 3 to be integer, string given in /opt/lampp/htdocs/gitdeploy/deploy.php on line 161

Warning:  substr() expects parameter 3 to be integer, string given in /opt/lampp/htdocs/gitdeploy/deploy.php on line 165

Access Denied

~~~~~~~~~~~~~~~~~~~~~~~~~~~~~~~~~~~~~~~~~~~~~~~~~~~~~~~~~~~~~~~~~~~~~~~~~~~~~~~~
[2019-03-22T07:47:02+01:00] - ::1 - b= c=

Warning:  inet_pton(): Unrecognized address localhost in /opt/lampp/htdocs/gitdeploy/deploy.php on line 159

Warning:  substr() expects parameter 3 to be integer, string given in /opt/lampp/htdocs/gitdeploy/deploy.php on line 161

Warning:  substr() expects parameter 3 to be integer, string given in /opt/lampp/htdocs/gitdeploy/deploy.php on line 165

Access Denied

~~~~~~~~~~~~~~~~~~~~~~~~~~~~~~~~~~~~~~~~~~~~~~~~~~~~~~~~~~~~~~~~~~~~~~~~~~~~~~~~
[2019-03-22T07:47:08+01:00] - ::1 - b= c=

Warning:  inet_pton(): Unrecognized address localhost in /opt/lampp/htdocs/gitdeploy/deploy.php on line 150

Access Denied

~~~~~~~~~~~~~~~~~~~~~~~~~~~~~~~~~~~~~~~~~~~~~~~~~~~~~~~~~~~~~~~~~~~~~~~~~~~~~~~~
[2019-03-22T07:54:30+01:00] - ::1 - b= c=

Warning:  inet_pton(): Unrecognized address localhost in /opt/lampp/htdocs/gitdeploy/deploy.php on line 149

Access Denied

~~~~~~~~~~~~~~~~~~~~~~~~~~~~~~~~~~~~~~~~~~~~~~~~~~~~~~~~~~~~~~~~~~~~~~~~~~~~~~~~
[2019-03-22T07:54:32+01:00] - ::1 - b= c=

Warning:  inet_pton(): Unrecognized address localhost in /opt/lampp/htdocs/gitdeploy/deploy.php on line 149

Access Denied

~~~~~~~~~~~~~~~~~~~~~~~~~~~~~~~~~~~~~~~~~~~~~~~~~~~~~~~~~~~~~~~~~~~~~~~~~~~~~~~~
[2019-03-22T07:54:50+01:00] - ::1 - b= c=

Warning:  inet_pton(): Unrecognized address localhost in /opt/lampp/htdocs/gitdeploy/deploy.php on line 149

Access Denied

~~~~~~~~~~~~~~~~~~~~~~~~~~~~~~~~~~~~~~~~~~~~~~~~~~~~~~~~~~~~~~~~~~~~~~~~~~~~~~~~
[2019-03-22T07:54:52+01:00] - ::1 - b= c=

Warning:  inet_pton(): Unrecognized address localhost in /opt/lampp/htdocs/gitdeploy/deploy.php on line 149

Access Denied

~~~~~~~~~~~~~~~~~~~~~~~~~~~~~~~~~~~~~~~~~~~~~~~~~~~~~~~~~~~~~~~~~~~~~~~~~~~~~~~~
[2019-03-22T07:59:27+01:00] - 192.168.0.157 - b= c=

Warning:  inet_pton(): Unrecognized address localhost in /opt/lampp/htdocs/gitdeploy/deploy.php on line 149

Access Denied

~~~~~~~~~~~~~~~~~~~~~~~~~~~~~~~~~~~~~~~~~~~~~~~~~~~~~~~~~~~~~~~~~~~~~~~~~~~~~~~~
[2019-03-22T07:59:32+01:00] - 192.168.0.157 - b= c=

Warning:  inet_pton(): Unrecognized address localhost in /opt/lampp/htdocs/gitdeploy/deploy.php on line 149

Access Denied

